<?xml version="1.0" encoding="UTF-8"?>
<testng-results ignored="0" total="1" passed="1" failed="0" skipped="0">
  <reporter-output>
  </reporter-output>
  <suite started-at="2022-02-08T18:17:45 IST" name="Default suite" finished-at="2022-02-08T18:17:49 IST" duration-ms="3796">
    <groups>
    </groups>
    <test started-at="2022-02-08T18:17:45 IST" name="Default test" finished-at="2022-02-08T18:17:49 IST" duration-ms="3796">
      <class name="org.test.com.Soft_Assert">
        <test-method signature="data()[pri:0, instance:org.test.com.Soft_Assert@1e04fa0a]" started-at="2022-02-08T18:17:45 IST" name="data" finished-at="2022-02-08T18:17:49 IST" duration-ms="3769" status="PASS">
          <reporter-output>
          </reporter-output>
        </test-method> <!-- data -->
      </class> <!-- org.test.com.Soft_Assert -->
    </test> <!-- Default test -->
  </suite> <!-- Default suite -->
</testng-results>
